<?xml version="1.0" encoding="UTF-8"?>
<testng-results ignored="0" total="1" passed="1" failed="0" skipped="0">
  <reporter-output>
  </reporter-output>
  <suite started-at="2021-05-03T14:51:08 GST" name="Suite" finished-at="2021-05-03T14:51:14 GST" duration-ms="5941">
    <groups>
    </groups>
    <test started-at="2021-05-03T14:51:08 GST" name="TestChrome" finished-at="2021-05-03T14:51:14 GST" duration-ms="5941">
      <class name="driver">
        <test-method is-config="true" signature="beforeSuite()[pri:0, instance:driver@5ae50ce6]" started-at="2021-05-03T14:51:07 GST" name="beforeSuite" finished-at="2021-05-03T14:51:08 GST" duration-ms="750" status="PASS">
          <reporter-output>
          </reporter-output>
        </test-method> <!-- beforeSuite -->
        <test-method is-config="true" signature="beforeMethod()[pri:0, instance:driver@5ae50ce6]" started-at="2021-05-03T14:51:08 GST" name="beforeMethod" finished-at="2021-05-03T14:51:08 GST" duration-ms="2" status="PASS">
          <reporter-output>
          </reporter-output>
        </test-method> <!-- beforeMethod -->
        <test-method signature="Test1(java.lang.String)[pri:0, instance:driver@5ae50ce6]" started-at="2021-05-03T14:51:08 GST" name="Test1" finished-at="2021-05-03T14:51:14 GST" duration-ms="5883" status="PASS">
          <params>
            <param index="0">
              <value>
                <![CDATA[Chrome]]>
              </value>
            </param>
          </params>
          <reporter-output>
          </reporter-output>
        </test-method> <!-- Test1 -->
        <test-method is-config="true" signature="afterMethod()[pri:0, instance:driver@5ae50ce6]" started-at="2021-05-03T14:51:14 GST" name="afterMethod" finished-at="2021-05-03T14:51:14 GST" duration-ms="0" status="PASS">
          <reporter-output>
          </reporter-output>
        </test-method> <!-- afterMethod -->
        <test-method is-config="true" signature="afterSuite()[pri:0, instance:driver@5ae50ce6]" started-at="2021-05-03T14:51:14 GST" name="afterSuite" finished-at="2021-05-03T14:51:15 GST" duration-ms="704" status="PASS">
          <reporter-output>
          </reporter-output>
        </test-method> <!-- afterSuite -->
      </class> <!-- driver -->
    </test> <!-- TestChrome -->
  </suite> <!-- Suite -->
</testng-results>
