<?xml version="1.0" encoding="UTF-8"?>
<testng-results ignored="0" total="1" passed="1" failed="0" skipped="0">
  <reporter-output>
  </reporter-output>
  <suite started-at="2021-05-11T15:21:54 GST" name="Default suite" finished-at="2021-05-11T15:22:05 GST" duration-ms="10134">
    <groups>
    </groups>
    <test started-at="2021-05-11T15:21:54 GST" name="Default test" finished-at="2021-05-11T15:22:05 GST" duration-ms="10134">
      <class name="com.testautomation.testrunner.TestRunner">
        <test-method is-config="true" signature="setUpClass()[pri:0, instance:com.testautomation.testrunner.TestRunner@49d904ec]" started-at="2021-05-11T15:21:54 GST" name="setUpClass" finished-at="2021-05-11T15:21:55 GST" duration-ms="202" status="PASS">
          <reporter-output>
          </reporter-output>
        </test-method> <!-- setUpClass -->
        <test-method signature="feature(cucumber.api.testng.PickleEventWrapper, cucumber.api.testng.CucumberFeatureWrapper)[pri:0, instance:com.testautomation.testrunner.TestRunner@49d904ec]" started-at="2021-05-11T15:21:55 GST" name="feature" data-provider="features" finished-at="2021-05-11T15:22:05 GST" duration-ms="9790" status="PASS">
          <params>
            <param index="0">
              <value>
                <![CDATA["Youtube Search scenario"]]>
              </value>
            </param>
            <param index="1">
              <value>
                <![CDATA["Youtube Search"]]>
              </value>
            </param>
          </params>
          <reporter-output>
          </reporter-output>
        </test-method> <!-- feature -->
        <test-method is-config="true" signature="tearDownClass()[pri:0, instance:com.testautomation.testrunner.TestRunner@49d904ec]" started-at="2021-05-11T15:22:05 GST" name="tearDownClass" finished-at="2021-05-11T15:22:05 GST" duration-ms="6" status="PASS">
          <reporter-output>
          </reporter-output>
        </test-method> <!-- tearDownClass -->
      </class> <!-- com.testautomation.testrunner.TestRunner -->
    </test> <!-- Default test -->
  </suite> <!-- Default suite -->
</testng-results>
