<?xml version="1.0" encoding="UTF-8"?>
<testng-results ignored="0" total="2" passed="2" failed="0" skipped="0">
  <reporter-output>
  </reporter-output>
  <suite started-at="2021-05-11T16:22:29 GST" name="Suite" finished-at="2021-05-11T16:22:44 GST" duration-ms="14658">
    <groups>
    </groups>
    <test started-at="2021-05-11T16:22:29 GST" name="TestChrome" finished-at="2021-05-11T16:22:41 GST" duration-ms="12554">
      <class name="driver">
        <test-method is-config="true" signature="beforeSuite()[pri:0, instance:driver@3e92efc3]" started-at="2021-05-11T16:22:28 GST" name="beforeSuite" finished-at="2021-05-11T16:22:29 GST" duration-ms="727" status="PASS">
          <reporter-output>
          </reporter-output>
        </test-method> <!-- beforeSuite -->
        <test-method is-config="true" signature="beforeMethod()[pri:0, instance:driver@3e92efc3]" started-at="2021-05-11T16:22:29 GST" name="beforeMethod" finished-at="2021-05-11T16:22:29 GST" duration-ms="39" status="PASS">
          <reporter-output>
          </reporter-output>
        </test-method> <!-- beforeMethod -->
        <test-method signature="Test1(java.lang.String)[pri:0, instance:driver@3e92efc3]" started-at="2021-05-11T16:22:29 GST" name="Test1" finished-at="2021-05-11T16:22:41 GST" duration-ms="12470" status="PASS">
          <params>
            <param index="0">
              <value>
                <![CDATA[Chrome]]>
              </value>
            </param>
          </params>
          <reporter-output>
          </reporter-output>
        </test-method> <!-- Test1 -->
        <test-method is-config="true" signature="afterMethod()[pri:0, instance:driver@3e92efc3]" started-at="2021-05-11T16:22:41 GST" name="afterMethod" finished-at="2021-05-11T16:22:41 GST" duration-ms="1" status="PASS">
          <reporter-output>
          </reporter-output>
        </test-method> <!-- afterMethod -->
        <test-method is-config="true" signature="afterSuite()[pri:0, instance:driver@3e92efc3]" started-at="2021-05-11T16:22:44 GST" name="afterSuite" finished-at="2021-05-11T16:22:45 GST" duration-ms="1194" status="PASS">
          <reporter-output>
          </reporter-output>
        </test-method> <!-- afterSuite -->
      </class> <!-- driver -->
    </test> <!-- TestChrome -->
    <test started-at="2021-05-11T16:22:29 GST" name="TestEdge" finished-at="2021-05-11T16:22:44 GST" duration-ms="14658">
      <class name="driver">
        <test-method is-config="true" signature="beforeMethod()[pri:0, instance:driver@4690b489]" started-at="2021-05-11T16:22:29 GST" name="beforeMethod" finished-at="2021-05-11T16:22:29 GST" duration-ms="39" status="PASS">
          <reporter-output>
          </reporter-output>
        </test-method> <!-- beforeMethod -->
        <test-method signature="Test1(java.lang.String)[pri:0, instance:driver@4690b489]" started-at="2021-05-11T16:22:29 GST" name="Test1" finished-at="2021-05-11T16:22:44 GST" duration-ms="14583" status="PASS">
          <params>
            <param index="0">
              <value>
                <![CDATA[msedgedriver]]>
              </value>
            </param>
          </params>
          <reporter-output>
          </reporter-output>
        </test-method> <!-- Test1 -->
        <test-method is-config="true" signature="afterMethod()[pri:0, instance:driver@4690b489]" started-at="2021-05-11T16:22:44 GST" name="afterMethod" finished-at="2021-05-11T16:22:44 GST" duration-ms="0" status="PASS">
          <reporter-output>
          </reporter-output>
        </test-method> <!-- afterMethod -->
      </class> <!-- driver -->
    </test> <!-- TestEdge -->
  </suite> <!-- Suite -->
</testng-results>
